Flow report for air_hockey_0
Mon Dec 07 14:57:59 2015
Quartus II 64-Bit Version 13.0.1 Build 232 06/12/2013 Service Pack 1 SJ Web Edition


---------------------
; Table of Contents ;
---------------------
  1. Legal Notice
  2. Flow Summary
  3. Flow Settings
  4. Flow Non-Default Global Settings
  5. Flow Elapsed Time
  6. Flow OS Summary
  7. Flow Log
  8. Flow Messages
  9. Flow Suppressed Messages



----------------
; Legal Notice ;
----------------
Copyright (C) 1991-2013 Altera Corporation
Your use of Altera Corporation's design tools, logic functions 
and other software and tools, and its AMPP partner logic 
functions, and any output files from any of the foregoing 
(including device programming or simulation files), and any 
associated documentation or information are expressly subject 
to the terms and conditions of the Altera Program License 
Subscription Agreement, Altera MegaCore Function License 
Agreement, or other applicable license agreement, including, 
without limitation, that your use is for the sole purpose of 
programming logic devices manufactured by Altera and sold by 
Altera or its authorized distributors.  Please refer to the 
applicable agreement for further details.



+--------------------------------------------------------------------------------------+
; Flow Summary                                                                         ;
+------------------------------------+-------------------------------------------------+
; Flow Status                        ; Successful - Mon Dec 07 14:57:59 2015           ;
; Quartus II 64-Bit Version          ; 13.0.1 Build 232 06/12/2013 SP 1 SJ Web Edition ;
; Revision Name                      ; air_hockey_0                                    ;
; Top-level Entity Name              ; schematic                                       ;
; Family                             ; Cyclone II                                      ;
; Device                             ; EP2C35F672C6                                    ;
; Timing Models                      ; Final                                           ;
; Total logic elements               ; 12,268 / 33,216 ( 37 % )                        ;
;     Total combinational functions  ; 12,257 / 33,216 ( 37 % )                        ;
;     Dedicated logic registers      ; 381 / 33,216 ( 1 % )                            ;
; Total registers                    ; 381                                             ;
; Total pins                         ; 46 / 475 ( 10 % )                               ;
; Total virtual pins                 ; 0                                               ;
; Total memory bits                  ; 0 / 483,840 ( 0 % )                             ;
; Embedded Multiplier 9-bit elements ; 0 / 70 ( 0 % )                                  ;
; Total PLLs                         ; 0 / 4 ( 0 % )                                   ;
+------------------------------------+-------------------------------------------------+


+-----------------------------------------+
; Flow Settings                           ;
+-------------------+---------------------+
; Option            ; Setting             ;
+-------------------+---------------------+
; Start date & time ; 12/07/2015 14:52:04 ;
; Main task         ; Compilation         ;
; Revision Name     ; air_hockey_0        ;
+-------------------+---------------------+


+----------------------------------------------------------------------------------------------------------------------+
; Flow Non-Default Global Settings                                                                                     ;
+-------------------------------------+---------------------------------+---------------+-------------+----------------+
; Assignment Name                     ; Value                           ; Default Value ; Entity Name ; Section Id     ;
+-------------------------------------+---------------------------------+---------------+-------------+----------------+
; BLOCK_DESIGN_NAMING                 ; QuartusII                       ; Auto          ; --          ; --             ;
; COMPILER_SIGNATURE_ID               ; 229658785568359.144950712301504 ; --            ; --          ; --             ;
; EDA_OUTPUT_DATA_FORMAT              ; Vhdl                            ; --            ; --          ; eda_simulation ;
; EDA_SIMULATION_TOOL                 ; ModelSim-Altera (VHDL)          ; <None>        ; --          ; --             ;
; MAX_CORE_JUNCTION_TEMP              ; 85                              ; --            ; --          ; --             ;
; MIN_CORE_JUNCTION_TEMP              ; 0                               ; --            ; --          ; --             ;
; PARTITION_COLOR                     ; 16764057                        ; --            ; schematic   ; Top            ;
; PARTITION_FITTER_PRESERVATION_LEVEL ; PLACEMENT_AND_ROUTING           ; --            ; schematic   ; Top            ;
; PARTITION_NETLIST_TYPE              ; SOURCE                          ; --            ; schematic   ; Top            ;
; PROJECT_OUTPUT_DIRECTORY            ; output_files                    ; --            ; --          ; --             ;
; TOP_LEVEL_ENTITY                    ; schematic                       ; air_hockey_0  ; --          ; --             ;
+-------------------------------------+---------------------------------+---------------+-------------+----------------+


+-------------------------------------------------------------------------------------------------------------------------------+
; Flow Elapsed Time                                                                                                             ;
+---------------------------+--------------+-------------------------+---------------------+------------------------------------+
; Module Name               ; Elapsed Time ; Average Processors Used ; Peak Virtual Memory ; Total CPU Time (on all processors) ;
+---------------------------+--------------+-------------------------+---------------------+------------------------------------+
; Analysis & Synthesis      ; 00:03:04     ; 1.0                     ; 561 MB              ; 00:03:02                           ;
; Fitter                    ; 00:01:53     ; 1.0                     ; 771 MB              ; 00:01:51                           ;
; Assembler                 ; 00:00:08     ; 1.0                     ; 444 MB              ; 00:00:08                           ;
; TimeQuest Timing Analyzer ; 00:00:10     ; 1.0                     ; 538 MB              ; 00:00:09                           ;
; EDA Netlist Writer        ; 00:00:23     ; 1.0                     ; 502 MB              ; 00:00:23                           ;
; Total                     ; 00:05:38     ; --                      ; --                  ; 00:05:33                           ;
+---------------------------+--------------+-------------------------+---------------------+------------------------------------+


+----------------------------------------------------------------------------------------+
; Flow OS Summary                                                                        ;
+---------------------------+------------------+-----------+------------+----------------+
; Module Name               ; Machine Hostname ; OS Name   ; OS Version ; Processor type ;
+---------------------------+------------------+-----------+------------+----------------+
; Analysis & Synthesis      ; wrgallo-PC       ; Windows 7 ; 6.1        ; x86_64         ;
; Fitter                    ; wrgallo-PC       ; Windows 7 ; 6.1        ; x86_64         ;
; Assembler                 ; wrgallo-PC       ; Windows 7 ; 6.1        ; x86_64         ;
; TimeQuest Timing Analyzer ; wrgallo-PC       ; Windows 7 ; 6.1        ; x86_64         ;
; EDA Netlist Writer        ; wrgallo-PC       ; Windows 7 ; 6.1        ; x86_64         ;
+---------------------------+------------------+-----------+------------+----------------+


------------
; Flow Log ;
------------
quartus_map --read_settings_files=on --write_settings_files=off air_hockey_0 -c air_hockey_0
quartus_fit --read_settings_files=off --write_settings_files=off air_hockey_0 -c air_hockey_0
quartus_asm --read_settings_files=off --write_settings_files=off air_hockey_0 -c air_hockey_0
quartus_sta air_hockey_0 -c air_hockey_0
quartus_eda --read_settings_files=off --write_settings_files=off air_hockey_0 -c air_hockey_0



